# JRE version: Java(TM) SE Runtime Environment (24.0.2+12) (build 24.0.2+12-54)
# Java VM: Java HotSpot(TM) 64-Bit Server VM (24.0.2+12-54, mixed mode, emulated-client, sharing, tiered, compressed oops, compressed class ptrs, g1 gc, windows-amd64)
GC Precious Log:
 CardTable entry size: 512
 Card Set container configuration: InlinePtr #cards 4 size 8 Array Of Cards #cards 16 size 48 Howl #buckets 8 coarsen threshold 3686 Howl Bitmap #cards 512 size 80 coarsen threshold 460 Card regions per heap region 1 cards per card region 4096
 CPUs: 16 total, 16 available
 Memory: 15628M
 Large Page Support: Disabled
 NUMA Support: Disabled
 Compressed Oops: Enabled (Zero based)
 Heap Region Size: 2M
 Heap Min Capacity: 8M
 Heap Initial Capacity: 246M
 Heap Max Capacity: 3908M
 Pre-touch: Disabled
 Parallel Workers: 13
 Concurrent Workers: 3
 Concurrent Refinement Workers: 13
 Periodic GC: Disabled
Heap:
 garbage-first heap   total reserved 4001792K, committed 83968K, used 25190K [0x000000070bc00000, 0x0000000800000000)
  region size 2048K, 1 young (2048K), 1 survivors (2048K)
 Metaspace       used 46996K, committed 47552K, reserved 1114112K
  class space    used 5524K, committed 5760K, reserved 1048576K
GC Heap History (20 events):
Event: 90548.406 GC heap after
{Heap after GC invocations=2608 (full 0):
 garbage-first heap   total reserved 4001792K, committed 83968K, used 24819K [0x000000070bc00000, 0x0000000800000000)
  region size 2048K, 1 young (2048K), 1 survivors (2048K)
 Metaspace       used 46996K, committed 47552K, reserved 1114112K
  class space    used 5524K, committed 5760K, reserved 1048576K
}
Event: 90548.586 GC heap before
{Heap before GC invocations=2608 (full 0):
 garbage-first heap   total reserved 4001792K, committed 83968K, used 71923K [0x000000070bc00000, 0x0000000800000000)
  region size 2048K, 24 young (49152K), 1 survivors (2048K)
 Metaspace       used 46996K, committed 47552K, reserved 1114112K
  class space    used 5524K, committed 5760K, reserved 1048576K
}
Event: 90548.604 GC heap after
{Heap after GC invocations=2609 (full 0):
 garbage-first heap   total reserved 4001792K, committed 83968K, used 25604K [0x000000070bc00000, 0x0000000800000000)
  region size 2048K, 1 young (2048K), 1 survivors (2048K)
 Metaspace       used 46996K, committed 47552K, reserved 1114112K
  class space    used 5524K, committed 5760K, reserved 1048576K
}
Event: 90548.876 GC heap before
{Heap before GC invocations=2610 (full 0):
 garbage-first heap   total reserved 4001792K, committed 83968K, used 72708K [0x000000070bc00000, 0x0000000800000000)
  region size 2048K, 24 young (49152K), 1 survivors (2048K)
 Metaspace       used 46994K, committed 47552K, reserved 1114112K
  class space    used 5523K, committed 5760K, reserved 1048576K
}
Event: 90548.877 GC heap after
{Heap after GC invocations=2611 (full 0):
 garbage-first heap   total reserved 4001792K, committed 83968K, used 25335K [0x000000070bc00000, 0x0000000800000000)
  region size 2048K, 1 young (2048K), 1 survivors (2048K)
 Metaspace       used 46994K, committed 47552K, reserved 1114112K
  class space    used 5523K, committed 5760K, reserved 1048576K
}
Event: 90549.016 GC heap before
{Heap before GC invocations=2611 (full 0):
 garbage-first heap   total reserved 4001792K, committed 83968K, used 72439K [0x000000070bc00000, 0x0000000800000000)
  region size 2048K, 24 young (49152K), 1 survivors (2048K)
 Metaspace       used 46994K, committed 47552K, reserved 1114112K
  class space    used 5523K, committed 5760K, reserved 1048576K
}
Event: 90549.018 GC heap after
{Heap after GC invocations=2612 (full 0):
 garbage-first heap   total reserved 4001792K, committed 83968K, used 24958K [0x000000070bc00000, 0x0000000800000000)
  region size 2048K, 1 young (2048K), 1 survivors (2048K)
 Metaspace       used 46994K, committed 47552K, reserved 1114112K
  class space    used 5523K, committed 5760K, reserved 1048576K
}
Event: 91803.842 GC heap before
{Heap before GC invocations=2613 (full 0):
 garbage-first heap   total reserved 4001792K, committed 83968K, used 72062K [0x000000070bc00000, 0x0000000800000000)
  region size 2048K, 24 young (49152K), 1 survivors (2048K)
 Metaspace       used 46994K, committed 47552K, reserved 1114112K
  class space    used 5523K, committed 5760K, reserved 1048576K
}
Event: 91803.906 GC heap after
{Heap after GC invocations=2614 (full 0):
 garbage-first heap   total reserved 4001792K, committed 83968K, used 25288K [0x000000070bc00000, 0x0000000800000000)
  region size 2048K, 1 young (2048K), 1 survivors (2048K)
 Metaspace       used 46994K, committed 47552K, reserved 1114112K
  class space    used 5523K, committed 5760K, reserved 1048576K
}
Event: 95846.044 GC heap before
{Heap before GC invocations=2614 (full 0):
 garbage-first heap   total reserved 4001792K, committed 83968K, used 72392K [0x000000070bc00000, 0x0000000800000000)
  region size 2048K, 24 young (49152K), 1 survivors (2048K)
 Metaspace       used 46996K, committed 47552K, reserved 1114112K
  class space    used 5524K, committed 5760K, reserved 1048576K
}
Event: 95846.099 GC heap after
{Heap after GC invocations=2615 (full 0):
 garbage-first heap   total reserved 4001792K, committed 83968K, used 24882K [0x000000070bc00000, 0x0000000800000000)
  region size 2048K, 1 young (2048K), 1 survivors (2048K)
 Metaspace       used 46996K, committed 47552K, reserved 1114112K
  class space    used 5524K, committed 5760K, reserved 1048576K
}
Event: 100203.891 GC heap before
{Heap before GC invocations=2616 (full 0):
 garbage-first heap   total reserved 4001792K, committed 83968K, used 69938K [0x000000070bc00000, 0x0000000800000000)
  region size 2048K, 24 young (49152K), 1 survivors (2048K)
 Metaspace       used 46996K, committed 47552K, reserved 1114112K
  class space    used 5524K, committed 5760K, reserved 1048576K
}
Event: 100203.933 GC heap after
{Heap after GC invocations=2617 (full 0):
 garbage-first heap   total reserved 4001792K, committed 83968K, used 24990K [0x000000070bc00000, 0x0000000800000000)
  region size 2048K, 1 young (2048K), 1 survivors (2048K)
 Metaspace       used 46996K, committed 47552K, reserved 1114112K
  class space    used 5524K, committed 5760K, reserved 1048576K
}
Event: 150129.669 GC heap before
{Heap before GC invocations=2617 (full 0):
 garbage-first heap   total reserved 4001792K, committed 83968K, used 72094K [0x000000070bc00000, 0x0000000800000000)
  region size 2048K, 24 young (49152K), 1 survivors (2048K)
 Metaspace       used 46996K, committed 47552K, reserved 1114112K
  class space    used 5524K, committed 5760K, reserved 1048576K
}
Event: 150131.182 GC heap after
{Heap after GC invocations=2618 (full 0):
 garbage-first heap   total reserved 4001792K, committed 83968K, used 25517K [0x000000070bc00000, 0x0000000800000000)
  region size 2048K, 1 young (2048K), 1 survivors (2048K)
 Metaspace       used 46996K, committed 47552K, reserved 1114112K
  class space    used 5524K, committed 5760K, reserved 1048576K
}
Event: 150133.088 GC heap before
{Heap before GC invocations=2618 (full 0):
 garbage-first heap   total reserved 4001792K, committed 83968K, used 72621K [0x000000070bc00000, 0x0000000800000000)
  region size 2048K, 24 young (49152K), 1 survivors (2048K)
 Metaspace       used 46996K, committed 47552K, reserved 1114112K
  class space    used 5524K, committed 5760K, reserved 1048576K
}
Event: 150138.139 GC heap after
{Heap after GC invocations=2619 (full 0):
 garbage-first heap   total reserved 4001792K, committed 83968K, used 25086K [0x000000070bc00000, 0x0000000800000000)
  region size 2048K, 1 young (2048K), 1 survivors (2048K)
 Metaspace       used 46996K, committed 47552K, reserved 1114112K
  class space    used 5524K, committed 5760K, reserved 1048576K
}
Event: 150138.378 GC heap before
{Heap before GC invocations=2619 (full 0):
 garbage-first heap   total reserved 4001792K, committed 83968K, used 29182K [0x000000070bc00000, 0x0000000800000000)
  region size 2048K, 3 young (6144K), 1 survivors (2048K)
 Metaspace       used 46996K, committed 47552K, reserved 1114112K
  class space    used 5524K, committed 5760K, reserved 1048576K
}
Event: 150138.698 GC heap after
{Heap after GC invocations=2620 (full 0):
 garbage-first heap   total reserved 4001792K, committed 83968K, used 25727K [0x000000070bc00000, 0x0000000800000000)
  region size 2048K, 1 young (2048K), 1 survivors (2048K)
 Metaspace       used 46996K, committed 47552K, reserved 1114112K
  class space    used 5524K, committed 5760K, reserved 1048576K
}
Event: 150139.084 GC heap before
{Heap before GC invocations=2620 (full 0):
 garbage-first heap   total reserved 4001792K, committed 83968K, used 29823K [0x000000070bc00000, 0x0000000800000000)
  region size 2048K, 3 young (6144K), 1 survivors (2048K)
 Metaspace       used 46996K, committed 47552K, reserved 1114112K
  class space    used 5524K, committed 5760K, reserved 1048576K
}

